<?xml version="1.0" encoding="UTF-8"?>
<!-- Generated by org.testng.reporters.JUnitXMLReporter -->
<testsuite ignored="4" hostname="IRFAN" failures="0" tests="8" name="Test" time="0.595" errors="0" timestamp="2021-11-19T21:11:37 IST">
  <testcase classname="com.qa.learn.testng.ProjectStructure.BaseTest" name="@BeforeTest setUp" time="0.486">
    <failure type="java.lang.NullPointerException" message="Cannot invoke &amp;quot;org.openqa.selenium.WebDriver.get(String)&amp;quot; because &amp;quot;this.driver&amp;quot; is null">
      <![CDATA[java.lang.NullPointerException: Cannot invoke "org.openqa.selenium.WebDriver.get(String)" because "this.driver" is null
at com.qa.learn.testng.factory.DriverFactory.init_driver(DriverFactory.java:44)
at com.qa.learn.testng.ProjectStructure.BaseTest.setUp(BaseTest.java:26)
... Removed 24 stack frames]]>
    </failure>
  </testcase> <!-- @BeforeTest setUp -->
  <testcase classname="com.qa.learn.testng.ProjectStructure.AccountsPageTest" name="@BeforeClass accountsPageSetup" time="-1.637336497149E9">
    <skipped/>
  </testcase> <!-- @BeforeClass accountsPageSetup -->
  <testcase classname="com.qa.learn.testng.ProjectStructure.BaseTest" name="@AfterTest tearDown" time="-1.637336497179E9">
    <skipped/>
  </testcase> <!-- @AfterTest tearDown -->
  <testcase classname="com.qa.learn.testng.ProjectStructure.LoginPageTest" name="loginPageTitleTest" time="0.0">
    <skipped/>
  </testcase> <!-- loginPageTitleTest -->
  <testcase classname="com.qa.learn.testng.ProjectStructure.LoginPageTest" name="forgottentPwdLinkTest" time="0.0">
    <skipped/>
  </testcase> <!-- forgottentPwdLinkTest -->
  <testcase classname="com.qa.learn.testng.ProjectStructure.LoginPageTest" name="loginLinkTest" time="0.0">
    <skipped/>
  </testcase> <!-- loginLinkTest -->
  <testcase classname="com.qa.learn.testng.ProjectStructure.LoginPageTest" name="LoginAppTest" time="0.0">
    <skipped/>
  </testcase> <!-- LoginAppTest -->
  <testcase classname="com.qa.learn.testng.ProjectStructure.AccountsPageTest" name="accountPageHeadersTest" time="0.0">
    <skipped/>
  </testcase> <!-- accountPageHeadersTest -->
  <testcase classname="com.qa.learn.testng.ProjectStructure.AccountsPageTest" name="accountPageUrlTest" time="0.0">
    <skipped/>
  </testcase> <!-- accountPageUrlTest -->
  <testcase classname="com.qa.learn.testng.ProjectStructure.AccountsPageTest" name="accountsPageFootersTest" time="0.0">
    <skipped/>
  </testcase> <!-- accountsPageFootersTest -->
  <testcase classname="com.qa.learn.testng.ProjectStructure.AccountsPageTest" name="accountsPageList" time="0.0">
    <skipped/>
  </testcase> <!-- accountsPageList -->
  <testcase classname="com.qa.learn.testng.ProjectStructure.BaseTest" name="@BeforeTest setUp" time="0.0">
    <ignored/>
  </testcase> <!-- @BeforeTest setUp -->
  <testcase classname="com.qa.learn.testng.ProjectStructure.BaseTest" name="@BeforeTest setUp" time="0.0">
    <ignored/>
  </testcase> <!-- @BeforeTest setUp -->
  <testcase classname="com.qa.learn.testng.ProjectStructure.BaseTest" name="@AfterTest tearDown" time="0.0">
    <ignored/>
  </testcase> <!-- @AfterTest tearDown -->
  <testcase classname="com.qa.learn.testng.ProjectStructure.BaseTest" name="@AfterTest tearDown" time="0.0">
    <ignored/>
  </testcase> <!-- @AfterTest tearDown -->
</testsuite> <!-- Test -->
